2023-10-25 04:46:46,153 [Worker-1: Loading available Gradle versions] INFO  o.e.b.c.i.u.g.PublishedGradleVersions - Gradle version information cache is up-to-date. Trying to read.
2023-10-25 04:48:50,910 [Worker-7: Import Getting Started Content] INFO  o.e.m.c.i.l.LifecycleMappingFactory - Using org.maven.ide.eclipse.wtp.WarLifecycleMapping lifecycle mapping for MavenProject: com.dojo.hellohuman:HelloHuman:0.0.1-SNAPSHOT @ D:\TERRA_F\MES FORMATIONS1 TRIER\CERTIFICATION CODING DOJO\CodingDojo\java\java_Spring\Hello_Human\HelloHuman\pom.xml.
2023-10-25 04:48:52,417 [Worker-7: Import Getting Started Content] INFO  o.e.m.j.i.AbstractJavaProjectConfigurator - Adding source folder /HelloHuman/src/main/java
2023-10-25 04:48:52,418 [Worker-7: Import Getting Started Content] INFO  o.e.m.j.i.AbstractJavaProjectConfigurator - Adding resource folder /HelloHuman/src/main/resources
2023-10-25 04:48:52,447 [Worker-7: Import Getting Started Content] INFO  o.e.m.j.i.AbstractJavaProjectConfigurator - Adding resource folder /HelloHuman/src/main/resources
2023-10-25 04:48:52,462 [Worker-7: Import Getting Started Content] INFO  o.e.m.j.i.AbstractJavaProjectConfigurator - Adding source folder /HelloHuman/src/test/java
2023-10-25 04:48:55,633 [Worker-7: Import Getting Started Content] INFO  o.e.m.c.i.p.ProjectConfigurationManager - Imported and configured 1 project(s) in 6 sec
2023-10-25 04:48:55,641 [Worker-7: Import Getting Started Content] INFO  o.e.m.c.i.p.ProjectConfigurationManager - Update started
2023-10-25 04:48:56,284 [Worker-7: Import Getting Started Content] INFO  o.e.m.c.i.l.LifecycleMappingFactory - Using org.maven.ide.eclipse.wtp.WarLifecycleMapping lifecycle mapping for MavenProject: com.dojo.hellohuman:HelloHuman:0.0.1-SNAPSHOT @ D:\TERRA_F\MES FORMATIONS1 TRIER\CERTIFICATION CODING DOJO\CodingDojo\java\java_Spring\Hello_Human\HelloHuman\pom.xml.
2023-10-25 04:48:57,103 [Worker-7: Import Getting Started Content] INFO  o.e.m.j.i.AbstractJavaProjectConfigurator - Adding source folder /HelloHuman/src/main/java
2023-10-25 04:48:57,104 [Worker-7: Import Getting Started Content] INFO  o.e.m.j.i.AbstractJavaProjectConfigurator - Adding resource folder /HelloHuman/src/main/resources
2023-10-25 04:48:57,104 [Worker-7: Import Getting Started Content] INFO  o.e.m.j.i.AbstractJavaProjectConfigurator - Adding resource folder /HelloHuman/src/main/resources
2023-10-25 04:48:57,105 [Worker-7: Import Getting Started Content] INFO  o.e.m.j.i.AbstractJavaProjectConfigurator - Adding source folder /HelloHuman/src/test/java
2023-10-25 04:48:57,699 [Worker-7: Import Getting Started Content] INFO  o.e.m.w.i.f.ResourceFilteringBuildParticipant - Cleaning filtered folder for HelloHuman
2023-10-25 04:48:57,704 [Worker-7: Import Getting Started Content] INFO  o.e.m.c.i.p.ProjectConfigurationManager - Update completed: 2 sec
2023-10-25 04:48:58,237 [Worker-5: Building] INFO  o.a.m.s.f.DefaultMavenResourcesFiltering - Copying 1 resource from src\main\resources to target\classes
2023-10-25 04:48:58,256 [Worker-5: Building] INFO  o.a.m.s.f.DefaultMavenResourcesFiltering - Copying 0 resource from src\main\resources to target\classes
2023-10-25 04:48:58,260 [Worker-5: Building] INFO  o.a.m.s.f.DefaultMavenResourcesFiltering - skip non existing resourceDirectory D:\TERRA_F\MES FORMATIONS1 TRIER\CERTIFICATION CODING DOJO\CodingDojo\java\java_Spring\Hello_Human\HelloHuman\src\test\resources
2023-10-25 04:48:58,260 [Worker-5: Building] INFO  o.e.m.w.i.f.ResourceFilteringBuildParticipant - Changed resources require a complete clean of filtered resources of HelloHuman
2023-10-25 04:48:58,261 [Worker-5: Building] INFO  o.e.m.w.i.f.ResourceFilteringBuildParticipant - Executing resource filtering for HelloHuman
2023-10-25 04:50:02,846 [Worker-8: Building] INFO  o.a.m.s.f.DefaultMavenResourcesFiltering - Copying 1 resource from src\main\resources to target\classes
2023-10-25 04:50:02,876 [Worker-8: Building] INFO  o.a.m.s.f.DefaultMavenResourcesFiltering - Copying 0 resource from src\main\resources to target\classes
2023-10-25 04:50:02,883 [Worker-8: Building] INFO  o.a.m.s.f.DefaultMavenResourcesFiltering - skip non existing resourceDirectory D:\TERRA_F\MES FORMATIONS1 TRIER\CERTIFICATION CODING DOJO\CodingDojo\java\java_Spring\Hello_Human\HelloHuman\src\test\resources
2023-10-25 04:59:16,153 [Worker-9: Launching HelloHuman - HelloHumanApplication] INFO  o.a.m.s.f.DefaultMavenResourcesFiltering - Copying 1 resource from src\main\resources to target\classes
2023-10-25 04:59:16,163 [Worker-9: Launching HelloHuman - HelloHumanApplication] INFO  o.a.m.s.f.DefaultMavenResourcesFiltering - Copying 0 resource from src\main\resources to target\classes
2023-10-25 04:59:16,166 [Worker-9: Launching HelloHuman - HelloHumanApplication] INFO  o.a.m.s.f.DefaultMavenResourcesFiltering - skip non existing resourceDirectory D:\TERRA_F\MES FORMATIONS1 TRIER\CERTIFICATION CODING DOJO\CodingDojo\java\java_Spring\Hello_Human\HelloHuman\src\test\resources
2023-10-25 05:01:02,147 [Worker-6: Launching HelloHuman - HelloHumanApplication] INFO  o.a.m.s.f.DefaultMavenResourcesFiltering - Copying 1 resource from src\main\resources to target\classes
2023-10-25 05:01:02,157 [Worker-6: Launching HelloHuman - HelloHumanApplication] INFO  o.a.m.s.f.DefaultMavenResourcesFiltering - Copying 0 resource from src\main\resources to target\classes
2023-10-25 05:01:02,164 [Worker-6: Launching HelloHuman - HelloHumanApplication] INFO  o.a.m.s.f.DefaultMavenResourcesFiltering - skip non existing resourceDirectory D:\TERRA_F\MES FORMATIONS1 TRIER\CERTIFICATION CODING DOJO\CodingDojo\java\java_Spring\Hello_Human\HelloHuman\src\test\resources
2023-10-25 05:07:03,637 [Worker-15: Launching HelloHuman - HelloHumanApplication] INFO  o.a.m.s.f.DefaultMavenResourcesFiltering - Copying 1 resource from src\main\resources to target\classes
2023-10-25 05:07:03,649 [Worker-15: Launching HelloHuman - HelloHumanApplication] INFO  o.a.m.s.f.DefaultMavenResourcesFiltering - Copying 0 resource from src\main\resources to target\classes
2023-10-25 05:07:03,654 [Worker-15: Launching HelloHuman - HelloHumanApplication] INFO  o.a.m.s.f.DefaultMavenResourcesFiltering - skip non existing resourceDirectory D:\TERRA_F\MES FORMATIONS1 TRIER\CERTIFICATION CODING DOJO\CodingDojo\java\java_Spring\Hello_Human\HelloHuman\src\test\resources
2023-10-25 05:11:08,578 [Worker-20: Launching HelloHuman - HelloHumanApplication] INFO  o.a.m.s.f.DefaultMavenResourcesFiltering - Copying 1 resource from src\main\resources to target\classes
2023-10-25 05:11:08,592 [Worker-20: Launching HelloHuman - HelloHumanApplication] INFO  o.a.m.s.f.DefaultMavenResourcesFiltering - Copying 0 resource from src\main\resources to target\classes
2023-10-25 05:11:08,597 [Worker-20: Launching HelloHuman - HelloHumanApplication] INFO  o.a.m.s.f.DefaultMavenResourcesFiltering - skip non existing resourceDirectory D:\TERRA_F\MES FORMATIONS1 TRIER\CERTIFICATION CODING DOJO\CodingDojo\java\java_Spring\Hello_Human\HelloHuman\src\test\resources
2023-10-25 05:24:36,257 [Worker-16: Launching HelloHuman - HelloHumanApplication] INFO  o.a.m.s.f.DefaultMavenResourcesFiltering - Copying 1 resource from src\main\resources to target\classes
2023-10-25 05:24:36,267 [Worker-16: Launching HelloHuman - HelloHumanApplication] INFO  o.a.m.s.f.DefaultMavenResourcesFiltering - Copying 0 resource from src\main\resources to target\classes
2023-10-25 05:24:36,272 [Worker-16: Launching HelloHuman - HelloHumanApplication] INFO  o.a.m.s.f.DefaultMavenResourcesFiltering - skip non existing resourceDirectory D:\TERRA_F\MES FORMATIONS1 TRIER\CERTIFICATION CODING DOJO\CodingDojo\java\java_Spring\Hello_Human\HelloHuman\src\test\resources
2023-10-25 05:25:19,337 [Worker-15: Launching HelloHuman - HelloHumanApplication] INFO  o.a.m.s.f.DefaultMavenResourcesFiltering - Copying 1 resource from src\main\resources to target\classes
2023-10-25 05:25:19,347 [Worker-15: Launching HelloHuman - HelloHumanApplication] INFO  o.a.m.s.f.DefaultMavenResourcesFiltering - Copying 0 resource from src\main\resources to target\classes
2023-10-25 05:25:19,351 [Worker-15: Launching HelloHuman - HelloHumanApplication] INFO  o.a.m.s.f.DefaultMavenResourcesFiltering - skip non existing resourceDirectory D:\TERRA_F\MES FORMATIONS1 TRIER\CERTIFICATION CODING DOJO\CodingDojo\java\java_Spring\Hello_Human\HelloHuman\src\test\resources
2023-10-25 05:25:48,295 [Worker-15: Launching HelloHuman - HelloHumanApplication] INFO  o.a.m.s.f.DefaultMavenResourcesFiltering - Copying 1 resource from src\main\resources to target\classes
2023-10-25 05:25:48,317 [Worker-15: Launching HelloHuman - HelloHumanApplication] INFO  o.a.m.s.f.DefaultMavenResourcesFiltering - Copying 0 resource from src\main\resources to target\classes
2023-10-25 05:25:48,323 [Worker-15: Launching HelloHuman - HelloHumanApplication] INFO  o.a.m.s.f.DefaultMavenResourcesFiltering - skip non existing resourceDirectory D:\TERRA_F\MES FORMATIONS1 TRIER\CERTIFICATION CODING DOJO\CodingDojo\java\java_Spring\Hello_Human\HelloHuman\src\test\resources
2023-10-25 05:27:36,734 [Worker-16: Launching HelloHuman - HelloHumanApplication] INFO  o.a.m.s.f.DefaultMavenResourcesFiltering - Copying 1 resource from src\main\resources to target\classes
2023-10-25 05:27:36,745 [Worker-16: Launching HelloHuman - HelloHumanApplication] INFO  o.a.m.s.f.DefaultMavenResourcesFiltering - Copying 0 resource from src\main\resources to target\classes
2023-10-25 05:27:36,748 [Worker-16: Launching HelloHuman - HelloHumanApplication] INFO  o.a.m.s.f.DefaultMavenResourcesFiltering - skip non existing resourceDirectory D:\TERRA_F\MES FORMATIONS1 TRIER\CERTIFICATION CODING DOJO\CodingDojo\java\java_Spring\Hello_Human\HelloHuman\src\test\resources
2023-10-25 05:29:55,990 [Worker-36: Launching HelloHuman - HelloHumanApplication] INFO  o.a.m.s.f.DefaultMavenResourcesFiltering - Copying 1 resource from src\main\resources to target\classes
2023-10-25 05:29:56,001 [Worker-36: Launching HelloHuman - HelloHumanApplication] INFO  o.a.m.s.f.DefaultMavenResourcesFiltering - Copying 0 resource from src\main\resources to target\classes
2023-10-25 05:29:56,005 [Worker-36: Launching HelloHuman - HelloHumanApplication] INFO  o.a.m.s.f.DefaultMavenResourcesFiltering - skip non existing resourceDirectory D:\TERRA_F\MES FORMATIONS1 TRIER\CERTIFICATION CODING DOJO\CodingDojo\java\java_Spring\Hello_Human\HelloHuman\src\test\resources
2023-10-25 05:49:53,770 [Worker-48: Launching HelloHuman - HelloHumanApplication] INFO  o.a.m.s.f.DefaultMavenResourcesFiltering - Copying 1 resource from src\main\resources to target\classes
2023-10-25 05:49:53,780 [Worker-48: Launching HelloHuman - HelloHumanApplication] INFO  o.a.m.s.f.DefaultMavenResourcesFiltering - Copying 0 resource from src\main\resources to target\classes
2023-10-25 05:49:53,784 [Worker-48: Launching HelloHuman - HelloHumanApplication] INFO  o.a.m.s.f.DefaultMavenResourcesFiltering - skip non existing resourceDirectory D:\TERRA_F\MES FORMATIONS1 TRIER\CERTIFICATION CODING DOJO\CodingDojo\java\java_Spring\Hello_Human\HelloHuman\src\test\resources
2023-10-25 05:51:55,262 [Worker-35: Launching HelloHuman - HelloHumanApplication] INFO  o.a.m.s.f.DefaultMavenResourcesFiltering - Copying 1 resource from src\main\resources to target\classes
2023-10-25 05:51:55,275 [Worker-35: Launching HelloHuman - HelloHumanApplication] INFO  o.a.m.s.f.DefaultMavenResourcesFiltering - Copying 0 resource from src\main\resources to target\classes
2023-10-25 05:51:55,279 [Worker-35: Launching HelloHuman - HelloHumanApplication] INFO  o.a.m.s.f.DefaultMavenResourcesFiltering - skip non existing resourceDirectory D:\TERRA_F\MES FORMATIONS1 TRIER\CERTIFICATION CODING DOJO\CodingDojo\java\java_Spring\Hello_Human\HelloHuman\src\test\resources
2023-10-25 05:52:57,361 [Worker-47: Launching HelloHuman - HelloHumanApplication] INFO  o.a.m.s.f.DefaultMavenResourcesFiltering - Copying 1 resource from src\main\resources to target\classes
2023-10-25 05:52:57,373 [Worker-47: Launching HelloHuman - HelloHumanApplication] INFO  o.a.m.s.f.DefaultMavenResourcesFiltering - Copying 0 resource from src\main\resources to target\classes
2023-10-25 05:52:57,377 [Worker-47: Launching HelloHuman - HelloHumanApplication] INFO  o.a.m.s.f.DefaultMavenResourcesFiltering - skip non existing resourceDirectory D:\TERRA_F\MES FORMATIONS1 TRIER\CERTIFICATION CODING DOJO\CodingDojo\java\java_Spring\Hello_Human\HelloHuman\src\test\resources
2023-10-25 05:53:30,927 [Worker-47: Launching HelloHuman - HelloHumanApplication] INFO  o.a.m.s.f.DefaultMavenResourcesFiltering - Copying 1 resource from src\main\resources to target\classes
2023-10-25 05:53:30,938 [Worker-47: Launching HelloHuman - HelloHumanApplication] INFO  o.a.m.s.f.DefaultMavenResourcesFiltering - Copying 0 resource from src\main\resources to target\classes
2023-10-25 05:53:30,943 [Worker-47: Launching HelloHuman - HelloHumanApplication] INFO  o.a.m.s.f.DefaultMavenResourcesFiltering - skip non existing resourceDirectory D:\TERRA_F\MES FORMATIONS1 TRIER\CERTIFICATION CODING DOJO\CodingDojo\java\java_Spring\Hello_Human\HelloHuman\src\test\resources
2023-10-25 05:55:30,245 [Worker-35: Launching HelloHuman - HelloHumanApplication] INFO  o.a.m.s.f.DefaultMavenResourcesFiltering - Copying 1 resource from src\main\resources to target\classes
2023-10-25 05:55:30,310 [Worker-35: Launching HelloHuman - HelloHumanApplication] INFO  o.a.m.s.f.DefaultMavenResourcesFiltering - Copying 0 resource from src\main\resources to target\classes
2023-10-25 05:55:30,359 [Worker-35: Launching HelloHuman - HelloHumanApplication] INFO  o.a.m.s.f.DefaultMavenResourcesFiltering - skip non existing resourceDirectory D:\TERRA_F\MES FORMATIONS1 TRIER\CERTIFICATION CODING DOJO\CodingDojo\java\java_Spring\Hello_Human\HelloHuman\src\test\resources
2023-10-25 06:00:36,665 [Worker-52: Building] INFO  o.a.m.s.f.DefaultMavenResourcesFiltering - Copying 1 resource from src\main\resources to target\classes
2023-10-25 06:00:36,672 [Worker-52: Building] INFO  o.a.m.s.f.DefaultMavenResourcesFiltering - Copying 0 resource from src\main\resources to target\classes
2023-10-25 06:00:36,674 [Worker-52: Building] INFO  o.a.m.s.f.DefaultMavenResourcesFiltering - skip non existing resourceDirectory D:\TERRA_F\MES FORMATIONS1 TRIER\CERTIFICATION CODING DOJO\CodingDojo\java\java_Spring\Hello_Human\HelloHuman\src\test\resources
2023-10-25 06:01:25,812 [Worker-49: Launching HelloHuman - HelloHumanApplication] INFO  o.a.m.s.f.DefaultMavenResourcesFiltering - Copying 1 resource from src\main\resources to target\classes
2023-10-25 06:01:25,823 [Worker-49: Launching HelloHuman - HelloHumanApplication] INFO  o.a.m.s.f.DefaultMavenResourcesFiltering - Copying 0 resource from src\main\resources to target\classes
2023-10-25 06:01:25,825 [Worker-49: Launching HelloHuman - HelloHumanApplication] INFO  o.a.m.s.f.DefaultMavenResourcesFiltering - skip non existing resourceDirectory D:\TERRA_F\MES FORMATIONS1 TRIER\CERTIFICATION CODING DOJO\CodingDojo\java\java_Spring\Hello_Human\HelloHuman\src\test\resources
2023-10-25 06:01:46,044 [Worker-49: Launching HelloHuman - HelloHumanApplication] INFO  o.a.m.s.f.DefaultMavenResourcesFiltering - Copying 1 resource from src\main\resources to target\classes
2023-10-25 06:01:46,054 [Worker-49: Launching HelloHuman - HelloHumanApplication] INFO  o.a.m.s.f.DefaultMavenResourcesFiltering - Copying 0 resource from src\main\resources to target\classes
2023-10-25 06:01:46,058 [Worker-49: Launching HelloHuman - HelloHumanApplication] INFO  o.a.m.s.f.DefaultMavenResourcesFiltering - skip non existing resourceDirectory D:\TERRA_F\MES FORMATIONS1 TRIER\CERTIFICATION CODING DOJO\CodingDojo\java\java_Spring\Hello_Human\HelloHuman\src\test\resources
2023-10-25 06:02:21,302 [Worker-52: Launching HelloHuman - HelloHumanApplication] INFO  o.a.m.s.f.DefaultMavenResourcesFiltering - Copying 1 resource from src\main\resources to target\classes
2023-10-25 06:02:21,311 [Worker-52: Launching HelloHuman - HelloHumanApplication] INFO  o.a.m.s.f.DefaultMavenResourcesFiltering - Copying 0 resource from src\main\resources to target\classes
2023-10-25 06:02:21,315 [Worker-52: Launching HelloHuman - HelloHumanApplication] INFO  o.a.m.s.f.DefaultMavenResourcesFiltering - skip non existing resourceDirectory D:\TERRA_F\MES FORMATIONS1 TRIER\CERTIFICATION CODING DOJO\CodingDojo\java\java_Spring\Hello_Human\HelloHuman\src\test\resources
2023-10-25 06:03:02,121 [Worker-51: Launching HelloHuman - HelloHumanApplication] INFO  o.a.m.s.f.DefaultMavenResourcesFiltering - Copying 1 resource from src\main\resources to target\classes
2023-10-25 06:03:02,131 [Worker-51: Launching HelloHuman - HelloHumanApplication] INFO  o.a.m.s.f.DefaultMavenResourcesFiltering - Copying 0 resource from src\main\resources to target\classes
2023-10-25 06:03:02,137 [Worker-51: Launching HelloHuman - HelloHumanApplication] INFO  o.a.m.s.f.DefaultMavenResourcesFiltering - skip non existing resourceDirectory D:\TERRA_F\MES FORMATIONS1 TRIER\CERTIFICATION CODING DOJO\CodingDojo\java\java_Spring\Hello_Human\HelloHuman\src\test\resources
2023-10-25 06:03:34,832 [Worker-52: Launching HelloHuman - HelloHumanApplication] INFO  o.a.m.s.f.DefaultMavenResourcesFiltering - Copying 1 resource from src\main\resources to target\classes
2023-10-25 06:03:34,842 [Worker-52: Launching HelloHuman - HelloHumanApplication] INFO  o.a.m.s.f.DefaultMavenResourcesFiltering - Copying 0 resource from src\main\resources to target\classes
2023-10-25 06:03:34,846 [Worker-52: Launching HelloHuman - HelloHumanApplication] INFO  o.a.m.s.f.DefaultMavenResourcesFiltering - skip non existing resourceDirectory D:\TERRA_F\MES FORMATIONS1 TRIER\CERTIFICATION CODING DOJO\CodingDojo\java\java_Spring\Hello_Human\HelloHuman\src\test\resources
2023-10-25 06:10:14,756 [Worker-52: Launching HelloHuman - HelloHumanApplication] INFO  o.a.m.s.f.DefaultMavenResourcesFiltering - Copying 1 resource from src\main\resources to target\classes
2023-10-25 06:10:14,765 [Worker-52: Launching HelloHuman - HelloHumanApplication] INFO  o.a.m.s.f.DefaultMavenResourcesFiltering - Copying 0 resource from src\main\resources to target\classes
2023-10-25 06:10:14,768 [Worker-52: Launching HelloHuman - HelloHumanApplication] INFO  o.a.m.s.f.DefaultMavenResourcesFiltering - skip non existing resourceDirectory D:\TERRA_F\MES FORMATIONS1 TRIER\CERTIFICATION CODING DOJO\CodingDojo\java\java_Spring\Hello_Human\HelloHuman\src\test\resources
2023-10-25 06:11:25,537 [Worker-51: Launching HelloHuman - HelloHumanApplication] INFO  o.a.m.s.f.DefaultMavenResourcesFiltering - Copying 1 resource from src\main\resources to target\classes
2023-10-25 06:11:25,547 [Worker-51: Launching HelloHuman - HelloHumanApplication] INFO  o.a.m.s.f.DefaultMavenResourcesFiltering - Copying 0 resource from src\main\resources to target\classes
2023-10-25 06:11:25,552 [Worker-51: Launching HelloHuman - HelloHumanApplication] INFO  o.a.m.s.f.DefaultMavenResourcesFiltering - skip non existing resourceDirectory D:\TERRA_F\MES FORMATIONS1 TRIER\CERTIFICATION CODING DOJO\CodingDojo\java\java_Spring\Hello_Human\HelloHuman\src\test\resources
2023-10-25 06:11:48,562 [Worker-59: Launching HelloHuman - HelloHumanApplication] INFO  o.a.m.s.f.DefaultMavenResourcesFiltering - Copying 1 resource from src\main\resources to target\classes
2023-10-25 06:11:48,571 [Worker-59: Launching HelloHuman - HelloHumanApplication] INFO  o.a.m.s.f.DefaultMavenResourcesFiltering - Copying 0 resource from src\main\resources to target\classes
2023-10-25 06:11:48,575 [Worker-59: Launching HelloHuman - HelloHumanApplication] INFO  o.a.m.s.f.DefaultMavenResourcesFiltering - skip non existing resourceDirectory D:\TERRA_F\MES FORMATIONS1 TRIER\CERTIFICATION CODING DOJO\CodingDojo\java\java_Spring\Hello_Human\HelloHuman\src\test\resources
